<?xml version="1.0" encoding="UTF-8"?>
<!-- Generated by org.testng.reporters.JUnitReportReporter -->
<testsuite hostname="DESKTOP-EQRSAKF" failures="0" tests="4" name="api.test.UserTests" time="18.314" errors="0" timestamp="2023-09-09T19:55:23 IST" skipped="0">
  <testcase classname="api.test.UserTests" name="testPostUser" time="12.441"/>
  <testcase classname="api.test.UserTests" name="getUser" time="2.211"/>
  <testcase classname="api.test.UserTests" name="testUpdateUser" time="2.495"/>
  <testcase classname="api.test.UserTests" name="testDeleteUserByName" time="1.167"/>
</testsuite> <!-- api.test.UserTests -->
