<?xml version="1.0" encoding="UTF-8"?>
<!-- Generated by org.testng.reporters.JUnitReportReporter -->
<testsuite hostname="DESKTOP-EQRSAKF" failures="0" tests="2" name="api.test.DDTests" time="15.493" errors="0" timestamp="2023-09-06T21:08:06 IST" skipped="0">
  <testcase classname="api.test.DDTests" name="testAllPostRequests" time="10.092"/>
  <testcase classname="api.test.DDTests" name="testDeleteRequest" time="5.401"/>
</testsuite> <!-- api.test.DDTests -->
