<?xml version="1.0" encoding="UTF-8"?>
<!-- Generated by org.testng.reporters.JUnitReportReporter -->
<testsuite hostname="DESKTOP-EQRSAKF" failures="0" tests="4" name="api.test.UserTests" time="12.722" errors="0" timestamp="2023-09-09T22:43:19 IST" skipped="0">
  <testcase classname="api.test.UserTests" name="testPostUser" time="7.008"/>
  <testcase classname="api.test.UserTests" name="getUser" time="2.102"/>
  <testcase classname="api.test.UserTests" name="testUpdateUser" time="2.434"/>
  <testcase classname="api.test.UserTests" name="testDeleteUserByName" time="1.178"/>
</testsuite> <!-- api.test.UserTests -->
