<?xml version="1.0" encoding="UTF-8"?>
<!-- Generated by org.testng.reporters.JUnitReportReporter -->
<testsuite hostname="DESKTOP-EQRSAKF" failures="0" tests="2" name="api.test.DDTests" time="14.874" errors="0" timestamp="2023-09-09T22:43:19 IST" skipped="0">
  <testcase classname="api.test.DDTests" name="testAllPostRequests" time="10.146"/>
  <testcase classname="api.test.DDTests" name="testDeleteRequest" time="4.728"/>
</testsuite> <!-- api.test.DDTests -->
